<?xml version="1.0" encoding="UTF-8"?>
<!-- Generated by org.testng.reporters.JUnitReportReporter -->
<testsuite hostname="ASISH" failures="0" tests="1" name="testScript.ManageCategoryTest" time="16.871" errors="0" timestamp="2025-05-29T14:56:11 IST" skipped="0">
  <testcase classname="testScript.ManageCategoryTest" name="verifyuserAbletoAddNewCategory" time="16.871"/>
</testsuite> <!-- testScript.ManageCategoryTest -->
