<?xml version="1.0" encoding="UTF-8"?>
<!-- Generated by org.testng.reporters.JUnitReportReporter -->
<testsuite hostname="ASISH" failures="0" tests="1" name="testScript.HomeTest" time="6.616" errors="0" timestamp="2025-05-19T20:04:17 IST" skipped="0">
  <testcase classname="testScript.HomeTest" name="verifyWhetherUserisabletosuccessfullyLogoutfromeHomePage" time="6.616"/>
</testsuite> <!-- testScript.HomeTest -->
