<?xml version="1.0" encoding="UTF-8"?>
<!-- Generated by org.testng.reporters.JUnitReportReporter -->
<testsuite hostname="ASISH" failures="0" tests="1" name="testScript.HomeTest" time="6.638" errors="0" timestamp="2025-05-20T19:21:23 IST" skipped="0">
  <testcase classname="testScript.HomeTest" name="verifyWhetherUserisabletosuccessfullyLogoutfromeHomePage" time="6.638"/>
</testsuite> <!-- testScript.HomeTest -->
