<?xml version="1.0" encoding="UTF-8"?>
<!-- Generated by org.testng.reporters.JUnitReportReporter -->
<testsuite hostname="ASISH" failures="0" tests="1" name="testScript.ManageCategoryTest" time="11.013" errors="0" timestamp="2025-05-19T16:54:46 IST" skipped="0">
  <testcase classname="testScript.ManageCategoryTest" name="addNewCategory" time="11.013"/>
</testsuite> <!-- testScript.ManageCategoryTest -->
