<?xml version="1.0" encoding="UTF-8"?>
<!-- Generated by org.testng.reporters.JUnitReportReporter -->
<testsuite hostname="ASISH" failures="0" tests="1" name="testScript.LoginTest" time="6.891" errors="0" timestamp="2025-05-19T19:45:15 IST" skipped="0">
  <testcase classname="testScript.LoginTest" name="verifyfailureloginwithinvalidpasswordinvalidusername" time="6.891"/>
</testsuite> <!-- testScript.LoginTest -->
