<?xml version="1.0" encoding="UTF-8"?>
<!-- Generated by org.testng.reporters.JUnitReportReporter -->
<testsuite hostname="ASISH" failures="0" tests="1" name="testScript.AdminUserTest" time="26.298" errors="0" timestamp="2025-05-18T23:03:39 IST" skipped="0">
  <testcase classname="testScript.AdminUserTest" name="verifytheSearchofAddedUser" time="26.298"/>
</testsuite> <!-- testScript.AdminUserTest -->
