<?xml version="1.0" encoding="UTF-8"?>
<!-- Generated by org.testng.reporters.JUnitReportReporter -->
<testsuite hostname="ASISH" failures="0" tests="1" name="testScript.LoginTest" time="4.535" errors="0" timestamp="2025-05-28T19:19:10 IST" skipped="0">
  <testcase classname="testScript.LoginTest" name="verifyfailureloginwithinvalidpasswordinvalidusername" time="4.535"/>
</testsuite> <!-- testScript.LoginTest -->
