<?xml version="1.0" encoding="UTF-8"?>
<!-- Generated by org.testng.reporters.JUnitReportReporter -->
<testsuite hostname="ASISH" failures="0" tests="1" name="testScript.AdminUserTest" time="8.473" errors="0" timestamp="2025-05-28T22:20:34 IST" skipped="0">
  <testcase classname="testScript.AdminUserTest" name="verifytheSearchofAddedUser" time="8.473"/>
</testsuite> <!-- testScript.AdminUserTest -->
