<?xml version="1.0" encoding="UTF-8"?>
<!-- Generated by org.testng.reporters.JUnitReportReporter -->
<testsuite hostname="ASISH" failures="0" tests="1" name="testScript.HomeTest" time="8.060" errors="0" timestamp="2025-05-16T18:18:43 IST" skipped="0">
  <testcase classname="testScript.HomeTest" name="verifyWhetherUserisabletosuccessfullyLogoutfromeHomePage" time="8.060"/>
</testsuite> <!-- testScript.HomeTest -->
