<?xml version="1.0" encoding="UTF-8"?>
<!-- Generated by org.testng.reporters.JUnitReportReporter -->
<testsuite hostname="ASISH" failures="0" tests="1" name="testScript.LoginTest" time="13.303" errors="0" timestamp="2025-05-19T14:40:08 IST" skipped="0">
  <testcase classname="testScript.LoginTest" name="verifyfailureloginwithinvalidcredentials" time="13.303"/>
</testsuite> <!-- testScript.LoginTest -->
