<?xml version="1.0" encoding="UTF-8"?>
<!-- Generated by org.testng.reporters.JUnitReportReporter -->
<testsuite hostname="ASISH" failures="0" tests="1" name="testScript.AdminUserTest" time="10.608" errors="0" timestamp="2025-05-19T20:19:36 IST" skipped="0">
  <testcase classname="testScript.AdminUserTest" name="verifytheSearchofAddedUser" time="10.608"/>
</testsuite> <!-- testScript.AdminUserTest -->
