<?xml version="1.0" encoding="UTF-8"?>
<!-- Generated by org.testng.reporters.JUnitReportReporter -->
<testsuite hostname="ASISH" failures="0" tests="1" name="testScript.ManageCategoryTest" time="8.397" errors="0" timestamp="2025-05-20T10:11:34 IST" skipped="0">
  <testcase classname="testScript.ManageCategoryTest" name="addNewCategory" time="8.397"/>
</testsuite> <!-- testScript.ManageCategoryTest -->
