<?xml version="1.0" encoding="UTF-8"?>
<!-- Generated by org.testng.reporters.JUnitReportReporter -->
<testsuite hostname="ASISH" failures="0" tests="1" name="testScript.ManageNewsTest" time="5.935" errors="0" timestamp="2025-05-19T11:44:23 IST" skipped="0">
  <testcase classname="testScript.ManageNewsTest" name="verifyAddNewnews" time="5.935"/>
</testsuite> <!-- testScript.ManageNewsTest -->
